{
    "created": 1765465728.645222,
    "duration": 405.18707489967346,
    "exitcode": 1,
    "root": "C:\\SeleniumProject",
    "environment": {},
    "summary": {
        "passed": 15,
        "failed": 10,
        "total": 25,
        "collected": 25
    },
    "collectors": [
        {
            "nodeid": "",
            "outcome": "passed",
            "result": [
                {
                    "nodeid": ".",
                    "type": "Dir"
                }
            ]
        },
        {
            "nodeid": "pages",
            "outcome": "passed",
            "result": []
        },
        {
            "nodeid": "tests/test_cross_browser.py",
            "outcome": "passed",
            "result": [
                {
                    "nodeid": "tests/test_cross_browser.py::test_homepage_title[chrome]",
                    "type": "Function",
                    "lineno": 24
                },
                {
                    "nodeid": "tests/test_cross_browser.py::test_homepage_title[firefox]",
                    "type": "Function",
                    "lineno": 24
                },
                {
                    "nodeid": "tests/test_cross_browser.py::test_homepage_title[edge]",
                    "type": "Function",
                    "lineno": 24
                }
            ]
        },
        {
            "nodeid": "tests/test_functional.py",
            "outcome": "passed",
            "result": [
                {
                    "nodeid": "tests/test_functional.py::test_homepage_title",
                    "type": "Function",
                    "lineno": 22
                },
                {
                    "nodeid": "tests/test_functional.py::test_search_product",
                    "type": "Function",
                    "lineno": 32
                },
                {
                    "nodeid": "tests/test_functional.py::test_add_to_cart",
                    "type": "Function",
                    "lineno": 49
                },
                {
                    "nodeid": "tests/test_functional.py::test_remove_from_cart",
                    "type": "Function",
                    "lineno": 72
                },
                {
                    "nodeid": "tests/test_functional.py::test_create_account_valid",
                    "type": "Function",
                    "lineno": 88
                },
                {
                    "nodeid": "tests/test_functional.py::test_login_valid",
                    "type": "Function",
                    "lineno": 114
                },
                {
                    "nodeid": "tests/test_functional.py::test_filter_category",
                    "type": "Function",
                    "lineno": 130
                },
                {
                    "nodeid": "tests/test_functional.py::test_sort_price",
                    "type": "Function",
                    "lineno": 143
                },
                {
                    "nodeid": "tests/test_functional.py::test_contact_page",
                    "type": "Function",
                    "lineno": 158
                },
                {
                    "nodeid": "tests/test_functional.py::test_checkout_without_login",
                    "type": "Function",
                    "lineno": 171
                },
                {
                    "nodeid": "tests/test_functional.py::test_search_invalid_product",
                    "type": "Function",
                    "lineno": 187
                },
                {
                    "nodeid": "tests/test_functional.py::test_login_invalid_password",
                    "type": "Function",
                    "lineno": 204
                },
                {
                    "nodeid": "tests/test_functional.py::test_create_account_existing_email",
                    "type": "Function",
                    "lineno": 220
                },
                {
                    "nodeid": "tests/test_functional.py::test_create_account_long_name",
                    "type": "Function",
                    "lineno": 240
                },
                {
                    "nodeid": "tests/test_functional.py::test_submit_empty_form",
                    "type": "Function",
                    "lineno": 260
                },
                {
                    "nodeid": "tests/test_functional.py::test_sql_injection_search",
                    "type": "Function",
                    "lineno": 274
                },
                {
                    "nodeid": "tests/test_functional.py::test_access_private_page_without_login",
                    "type": "Function",
                    "lineno": 288
                }
            ]
        },
        {
            "nodeid": "tests/test_performance.py",
            "outcome": "passed",
            "result": [
                {
                    "nodeid": "tests/test_performance.py::test_homepage_load_time",
                    "type": "Function",
                    "lineno": 6
                },
                {
                    "nodeid": "tests/test_performance.py::test_stress_load_multiple_pages",
                    "type": "Function",
                    "lineno": 17
                }
            ]
        },
        {
            "nodeid": "tests/test_responsive.py",
            "outcome": "passed",
            "result": [
                {
                    "nodeid": "tests/test_responsive.py::test_desktop_view",
                    "type": "Function",
                    "lineno": 8
                },
                {
                    "nodeid": "tests/test_responsive.py::test_tablet_view",
                    "type": "Function",
                    "lineno": 22
                },
                {
                    "nodeid": "tests/test_responsive.py::test_mobile_view",
                    "type": "Function",
                    "lineno": 36
                }
            ]
        },
        {
            "nodeid": "tests",
            "outcome": "passed",
            "result": [
                {
                    "nodeid": "tests/test_cross_browser.py",
                    "type": "Module"
                },
                {
                    "nodeid": "tests/test_functional.py",
                    "type": "Module"
                },
                {
                    "nodeid": "tests/test_performance.py",
                    "type": "Module"
                },
                {
                    "nodeid": "tests/test_responsive.py",
                    "type": "Module"
                }
            ]
        },
        {
            "nodeid": ".",
            "outcome": "passed",
            "result": [
                {
                    "nodeid": "pages",
                    "type": "Dir"
                },
                {
                    "nodeid": "tests",
                    "type": "Dir"
                }
            ]
        }
    ],
    "tests": [
        {
            "nodeid": "tests/test_cross_browser.py::test_homepage_title[chrome]",
            "lineno": 24,
            "outcome": "passed",
            "keywords": [
                "test_homepage_title[chrome]",
                "parametrize",
                "pytestmark",
                "chrome",
                "test_cross_browser.py",
                "tests",
                "SeleniumProject",
                ""
            ],
            "setup": {
                "duration": 1.8261855999990075,
                "outcome": "passed"
            },
            "call": {
                "duration": 4.015109899999516,
                "outcome": "passed"
            },
            "teardown": {
                "duration": 2.4465011000029335,
                "outcome": "passed"
            }
        },
        {
            "nodeid": "tests/test_cross_browser.py::test_homepage_title[firefox]",
            "lineno": 24,
            "outcome": "passed",
            "keywords": [
                "test_homepage_title[firefox]",
                "parametrize",
                "pytestmark",
                "firefox",
                "test_cross_browser.py",
                "tests",
                "SeleniumProject",
                ""
            ],
            "setup": {
                "duration": 9.969480900002964,
                "outcome": "passed"
            },
            "call": {
                "duration": 5.211054500003229,
                "outcome": "passed"
            },
            "teardown": {
                "duration": 4.414339599999948,
                "outcome": "passed"
            }
        },
        {
            "nodeid": "tests/test_cross_browser.py::test_homepage_title[edge]",
            "lineno": 24,
            "outcome": "passed",
            "keywords": [
                "test_homepage_title[edge]",
                "parametrize",
                "pytestmark",
                "edge",
                "test_cross_browser.py",
                "tests",
                "SeleniumProject",
                ""
            ],
            "setup": {
                "duration": 2.2476815999980317,
                "outcome": "passed"
            },
            "call": {
                "duration": 5.9579554999982065,
                "outcome": "passed"
            },
            "teardown": {
                "duration": 2.5546379999977944,
                "outcome": "passed"
            }
        },
        {
            "nodeid": "tests/test_functional.py::test_homepage_title",
            "lineno": 22,
            "outcome": "passed",
            "keywords": [
                "test_homepage_title",
                "test_functional.py",
                "tests",
                "SeleniumProject",
                ""
            ],
            "setup": {
                "duration": 2.1319320000002335,
                "outcome": "passed",
                "stdout": ">>> Running on Chrome\n"
            },
            "call": {
                "duration": 12.760924000001978,
                "outcome": "passed",
                "stdout": "\n------------------------------\n\u27a1\ufe0f  Ouverture de la page d'accueil\n------------------------------\n\n------------------------------\n\u27a1\ufe0f  Validation du titre\n------------------------------\n"
            },
            "teardown": {
                "duration": 2.6038205999975617,
                "outcome": "passed"
            }
        },
        {
            "nodeid": "tests/test_functional.py::test_search_product",
            "lineno": 32,
            "outcome": "failed",
            "keywords": [
                "test_search_product",
                "test_functional.py",
                "tests",
                "SeleniumProject",
                ""
            ],
            "setup": {
                "duration": 1.9026508000024478,
                "outcome": "passed",
                "stdout": ">>> Running on Chrome\n"
            },
            "call": {
                "duration": 7.990146100000857,
                "outcome": "failed",
                "crash": {
                    "path": "C:\\Users\\yessine\\AppData\\Local\\Programs\\Python\\Python314\\Lib\\site-packages\\selenium\\webdriver\\remote\\webelement.py",
                    "lineno": 138,
                    "message": "selenium.common.exceptions.WebDriverException: Message: To submit an element, it must be nested inside a form element"
                },
                "traceback": [
                    {
                        "path": "tests\\test_functional.py",
                        "lineno": 39,
                        "message": ""
                    },
                    {
                        "path": "C:\\Users\\yessine\\AppData\\Local\\Programs\\Python\\Python314\\Lib\\site-packages\\selenium\\webdriver\\remote\\webelement.py",
                        "lineno": 138,
                        "message": "WebDriverException"
                    }
                ],
                "stdout": "\n------------------------------\n\u27a1\ufe0f  Recherche d'un produit : iphone\n------------------------------\n",
                "longrepr": "self = <selenium.webdriver.remote.webelement.WebElement (session=\"42e0ace8d854c9196e61ae65dd1d639f\", element=\"f.1750458716B56AE6327607B67D06124F.d.5D290824DBE240F02D59E0B2E975CAD0.e.3\")>\n\n    def submit(self) -> None:\n        \"\"\"Submits a form.\n    \n        Example:\n            form = driver.find_element(By.NAME, \"login\")\n            form.submit()\n        \"\"\"\n        script = (\n            \"/* submitForm */var form = arguments[0];\\n\"\n            'while (form.nodeName != \"FORM\" && form.parentNode) {\\n'\n            \"  form = form.parentNode;\\n\"\n            \"}\\n\"\n            \"if (!form) { throw Error('Unable to find containing form element'); }\\n\"\n            \"if (!form.ownerDocument) { throw Error('Unable to find owning document'); }\\n\"\n            \"var e = form.ownerDocument.createEvent('Event');\\n\"\n            \"e.initEvent('submit', true, true);\\n\"\n            \"if (form.dispatchEvent(e)) { HTMLFormElement.prototype.submit.call(form) }\\n\"\n        )\n    \n        try:\n>           self._parent.execute_script(script, self)\n\nC:\\Users\\yessine\\AppData\\Local\\Programs\\Python\\Python314\\Lib\\site-packages\\selenium\\webdriver\\remote\\webelement.py:136: \n_ _ _ _ _ _ _ _ _ _ _ _ _ _ _ _ _ _ _ _ _ _ _ _ _ _ _ _ _ _ _ _ _ _ _ _ _ _ _ _ _ _ _ _ _ _ _ _ _ _ _ _ _ _ _ _ _ _ _ _ _\nC:\\Users\\yessine\\AppData\\Local\\Programs\\Python\\Python314\\Lib\\site-packages\\selenium\\webdriver\\remote\\webdriver.py:518: in execute_script\n    return self.execute(command, {\"script\": script, \"args\": converted_args})[\"value\"]\n           ^^^^^^^^^^^^^^^^^^^^^^^^^^^^^^^^^^^^^^^^^^^^^^^^^^^^^^^^^^^^^^^^^\nC:\\Users\\yessine\\AppData\\Local\\Programs\\Python\\Python314\\Lib\\site-packages\\selenium\\webdriver\\remote\\webdriver.py:432: in execute\n    self.error_handler.check_response(response)\n_ _ _ _ _ _ _ _ _ _ _ _ _ _ _ _ _ _ _ _ _ _ _ _ _ _ _ _ _ _ _ _ _ _ _ _ _ _ _ _ _ _ _ _ _ _ _ _ _ _ _ _ _ _ _ _ _ _ _ _ _\n\nself = <selenium.webdriver.remote.errorhandler.ErrorHandler object at 0x0000021B29110640>\nresponse = {'status': 500, 'value': '{\"value\":{\"error\":\"javascript error\",\"message\":\"javascript error: Unable to find owning docu...ff7184ae6ec\\\\n\\\\t0x7ff718491964\\\\n\\\\t0x7ff718491b15\\\\n\\\\t0x7ff718477842\\\\n\\\\t0x7ffa203ae8d7\\\\n\\\\t0x7ffa2186c53c\\\\n\"}}'}\n\n    def check_response(self, response: dict[str, Any]) -> None:\n        \"\"\"Check that a JSON response from the WebDriver does not have an error.\n    \n        Args:\n            response: The JSON response from the WebDriver server as a dictionary\n                object.\n    \n        Raises:\n            WebDriverException: If the response contains an error message.\n        \"\"\"\n        status = response.get(\"status\", None)\n        if not status or status == ErrorCode.SUCCESS:\n            return\n        value = None\n        message = response.get(\"message\", \"\")\n        screen: str = response.get(\"screen\", \"\")\n        stacktrace = None\n        if isinstance(status, int):\n            value_json = response.get(\"value\", None)\n            if value_json and isinstance(value_json, str):\n                try:\n                    value = json.loads(value_json)\n                    if isinstance(value, dict):\n                        if len(value) == 1:\n                            value = value[\"value\"]\n                        status = value.get(\"error\", None)\n                        if not status:\n                            status = value.get(\"status\", ErrorCode.UNKNOWN_ERROR)\n                            message = value.get(\"value\") or value.get(\"message\")\n                            if not isinstance(message, str):\n                                value = message\n                                message = message.get(\"message\") if isinstance(message, dict) else None\n                        else:\n                            message = value.get(\"message\", None)\n                except ValueError:\n                    pass\n    \n        exception_class: type[WebDriverException]\n        e = ErrorCode()\n        error_codes = [item for item in dir(e) if not item.startswith(\"__\")]\n        for error_code in error_codes:\n            error_info = getattr(ErrorCode, error_code)\n            if isinstance(error_info, list) and status in error_info:\n                exception_class = getattr(ExceptionMapping, error_code, WebDriverException)\n                break\n        else:\n            exception_class = WebDriverException\n    \n        if not value:\n            value = response[\"value\"]\n        if isinstance(value, str):\n            raise exception_class(value)\n        if message == \"\" and \"message\" in value:\n            message = value[\"message\"]\n    \n        screen = None  # type: ignore[assignment]\n        if \"screen\" in value:\n            screen = value[\"screen\"]\n    \n        stacktrace = None\n        st_value = value.get(\"stackTrace\") or value.get(\"stacktrace\")\n        if st_value:\n            if isinstance(st_value, str):\n                stacktrace = st_value.split(\"\\n\")\n            else:\n                stacktrace = []\n                try:\n                    for frame in st_value:\n                        line = frame.get(\"lineNumber\", \"\")\n                        file = frame.get(\"fileName\", \"<anonymous>\")\n                        if line:\n                            file = f\"{file}:{line}\"\n                        meth = frame.get(\"methodName\", \"<anonymous>\")\n                        if \"className\" in frame:\n                            meth = f\"{frame['className']}.{meth}\"\n                        msg = \"    at %s (%s)\"\n                        msg = msg % (meth, file)\n                        stacktrace.append(msg)\n                except TypeError:\n                    pass\n        if exception_class == UnexpectedAlertPresentException:\n            alert_text = None\n            if \"data\" in value:\n                alert_text = value[\"data\"].get(\"text\")\n            elif \"alert\" in value:\n                alert_text = value[\"alert\"].get(\"text\")\n            raise exception_class(message, screen, stacktrace, alert_text)  # type: ignore[call-arg]  # mypy is not smart enough here\n>       raise exception_class(message, screen, stacktrace)\nE       selenium.common.exceptions.JavascriptException: Message: javascript error: Unable to find owning document\nE         (Session info: chrome=143.0.7499.41)\nE       Stacktrace:\nE       Symbols not available. Dumping unresolved backtrace:\nE       \t0x7ff718488245\nE       \t0x7ff7184882a0\nE       \t0x7ff71826165d\nE       \t0x7ff7182692cc\nE       \t0x7ff71826c74e\nE       \t0x7ff71830c05f\nE       \t0x7ff7182e1fda\nE       \t0x7ff71830ac97\nE       \t0x7ff7182aac29\nE       \t0x7ff7182aba93\nE       \t0x7ff71879ffe0\nE       \t0x7ff71879a920\nE       \t0x7ff7187b9086\nE       \t0x7ff7184a5744\nE       \t0x7ff7184ae6ec\nE       \t0x7ff718491964\nE       \t0x7ff718491b15\nE       \t0x7ff718477842\nE       \t0x7ffa203ae8d7\nE       \t0x7ffa2186c53c\n\nC:\\Users\\yessine\\AppData\\Local\\Programs\\Python\\Python314\\Lib\\site-packages\\selenium\\webdriver\\remote\\errorhandler.py:232: JavascriptException\n\nThe above exception was the direct cause of the following exception:\n\ndriver = <selenium.webdriver.chrome.webdriver.WebDriver (session=\"42e0ace8d854c9196e61ae65dd1d639f\")>\n\n    def test_search_product(driver):\n        step(\"Recherche d'un produit : iphone\")\n        driver.get(BASE_URL)\n    \n        search_box = driver.find_element(By.NAME, \"search\")\n        search_box.send_keys(\"iphone\")\n>       search_box.submit()\n\ntests\\test_functional.py:39: \n_ _ _ _ _ _ _ _ _ _ _ _ _ _ _ _ _ _ _ _ _ _ _ _ _ _ _ _ _ _ _ _ _ _ _ _ _ _ _ _ _ _ _ _ _ _ _ _ _ _ _ _ _ _ _ _ _ _ _ _ _\n\nself = <selenium.webdriver.remote.webelement.WebElement (session=\"42e0ace8d854c9196e61ae65dd1d639f\", element=\"f.1750458716B56AE6327607B67D06124F.d.5D290824DBE240F02D59E0B2E975CAD0.e.3\")>\n\n    def submit(self) -> None:\n        \"\"\"Submits a form.\n    \n        Example:\n            form = driver.find_element(By.NAME, \"login\")\n            form.submit()\n        \"\"\"\n        script = (\n            \"/* submitForm */var form = arguments[0];\\n\"\n            'while (form.nodeName != \"FORM\" && form.parentNode) {\\n'\n            \"  form = form.parentNode;\\n\"\n            \"}\\n\"\n            \"if (!form) { throw Error('Unable to find containing form element'); }\\n\"\n            \"if (!form.ownerDocument) { throw Error('Unable to find owning document'); }\\n\"\n            \"var e = form.ownerDocument.createEvent('Event');\\n\"\n            \"e.initEvent('submit', true, true);\\n\"\n            \"if (form.dispatchEvent(e)) { HTMLFormElement.prototype.submit.call(form) }\\n\"\n        )\n    \n        try:\n            self._parent.execute_script(script, self)\n        except JavascriptException as exc:\n>           raise WebDriverException(\"To submit an element, it must be nested inside a form element\") from exc\nE           selenium.common.exceptions.WebDriverException: Message: To submit an element, it must be nested inside a form element\n\nC:\\Users\\yessine\\AppData\\Local\\Programs\\Python\\Python314\\Lib\\site-packages\\selenium\\webdriver\\remote\\webelement.py:138: WebDriverException"
            },
            "teardown": {
                "duration": 2.4556658000001335,
                "outcome": "passed"
            }
        },
        {
            "nodeid": "tests/test_functional.py::test_add_to_cart",
            "lineno": 49,
            "outcome": "failed",
            "keywords": [
                "test_add_to_cart",
                "test_functional.py",
                "tests",
                "SeleniumProject",
                ""
            ],
            "setup": {
                "duration": 1.9788373000010324,
                "outcome": "passed",
                "stdout": ">>> Running on Chrome\n"
            },
            "call": {
                "duration": 5.541870900000504,
                "outcome": "failed",
                "crash": {
                    "path": "C:\\Users\\yessine\\AppData\\Local\\Programs\\Python\\Python314\\Lib\\site-packages\\selenium\\webdriver\\remote\\errorhandler.py",
                    "lineno": 232,
                    "message": "selenium.common.exceptions.NoSuchElementException: Message: no such element: Unable to locate element: {\"method\":\"link text\",\"selector\":\"iphone\"}\n  (Session info: chrome=143.0.7499.41); For documentation on this error, please visit: https://www.selenium.dev/documentation/webdriver/troubleshooting/errors#nosuchelementexception\nStacktrace:\nSymbols not available. Dumping unresolved backtrace:\n\t0x7ff718488245\n\t0x7ff7184882a0\n\t0x7ff71826165d\n\t0x7ff7182b9a33\n\t0x7ff7182b9d3c\n\t0x7ff71830df67\n\t0x7ff71830ac97\n\t0x7ff7182aac29\n\t0x7ff7182aba93\n\t0x7ff71879ffe0\n\t0x7ff71879a920\n\t0x7ff7187b9086\n\t0x7ff7184a5744\n\t0x7ff7184ae6ec\n\t0x7ff718491964\n\t0x7ff718491b15\n\t0x7ff718477842\n\t0x7ffa203ae8d7\n\t0x7ffa2186c53c"
                },
                "traceback": [
                    {
                        "path": "tests\\test_functional.py",
                        "lineno": 54,
                        "message": ""
                    },
                    {
                        "path": "C:\\Users\\yessine\\AppData\\Local\\Programs\\Python\\Python314\\Lib\\site-packages\\selenium\\webdriver\\remote\\webdriver.py",
                        "lineno": 802,
                        "message": "in find_element"
                    },
                    {
                        "path": "C:\\Users\\yessine\\AppData\\Local\\Programs\\Python\\Python314\\Lib\\site-packages\\selenium\\webdriver\\remote\\webdriver.py",
                        "lineno": 432,
                        "message": "in execute"
                    },
                    {
                        "path": "C:\\Users\\yessine\\AppData\\Local\\Programs\\Python\\Python314\\Lib\\site-packages\\selenium\\webdriver\\remote\\errorhandler.py",
                        "lineno": 232,
                        "message": "NoSuchElementException"
                    }
                ],
                "stdout": "\n------------------------------\n\u27a1\ufe0f  Ouverture du produit iphone\n------------------------------\n",
                "longrepr": "driver = <selenium.webdriver.chrome.webdriver.WebDriver (session=\"d11265838607febbf95dd1a37d9f8ca2\")>\n\n    def test_add_to_cart(driver):\n        step(\"Ouverture du produit iphone\")\n        driver.get(BASE_URL)\n    \n>       driver.find_element(By.LINK_TEXT, \"iphone\").click()\n        ^^^^^^^^^^^^^^^^^^^^^^^^^^^^^^^^^^^^^^^^^^^\n\ntests\\test_functional.py:54: \n_ _ _ _ _ _ _ _ _ _ _ _ _ _ _ _ _ _ _ _ _ _ _ _ _ _ _ _ _ _ _ _ _ _ _ _ _ _ _ _ _ _ _ _ _ _ _ _ _ _ _ _ _ _ _ _ _ _ _ _ _\nC:\\Users\\yessine\\AppData\\Local\\Programs\\Python\\Python314\\Lib\\site-packages\\selenium\\webdriver\\remote\\webdriver.py:802: in find_element\n    return self.execute(Command.FIND_ELEMENT, {\"using\": by, \"value\": value})[\"value\"]\n           ^^^^^^^^^^^^^^^^^^^^^^^^^^^^^^^^^^^^^^^^^^^^^^^^^^^^^^^^^^^^^^^^^\nC:\\Users\\yessine\\AppData\\Local\\Programs\\Python\\Python314\\Lib\\site-packages\\selenium\\webdriver\\remote\\webdriver.py:432: in execute\n    self.error_handler.check_response(response)\n_ _ _ _ _ _ _ _ _ _ _ _ _ _ _ _ _ _ _ _ _ _ _ _ _ _ _ _ _ _ _ _ _ _ _ _ _ _ _ _ _ _ _ _ _ _ _ _ _ _ _ _ _ _ _ _ _ _ _ _ _\n\nself = <selenium.webdriver.remote.errorhandler.ErrorHandler object at 0x0000021B290D1B50>\nresponse = {'status': 404, 'value': '{\"value\":{\"error\":\"no such element\",\"message\":\"no such element: Unable to locate element: {\\...ff7184ae6ec\\\\n\\\\t0x7ff718491964\\\\n\\\\t0x7ff718491b15\\\\n\\\\t0x7ff718477842\\\\n\\\\t0x7ffa203ae8d7\\\\n\\\\t0x7ffa2186c53c\\\\n\"}}'}\n\n    def check_response(self, response: dict[str, Any]) -> None:\n        \"\"\"Check that a JSON response from the WebDriver does not have an error.\n    \n        Args:\n            response: The JSON response from the WebDriver server as a dictionary\n                object.\n    \n        Raises:\n            WebDriverException: If the response contains an error message.\n        \"\"\"\n        status = response.get(\"status\", None)\n        if not status or status == ErrorCode.SUCCESS:\n            return\n        value = None\n        message = response.get(\"message\", \"\")\n        screen: str = response.get(\"screen\", \"\")\n        stacktrace = None\n        if isinstance(status, int):\n            value_json = response.get(\"value\", None)\n            if value_json and isinstance(value_json, str):\n                try:\n                    value = json.loads(value_json)\n                    if isinstance(value, dict):\n                        if len(value) == 1:\n                            value = value[\"value\"]\n                        status = value.get(\"error\", None)\n                        if not status:\n                            status = value.get(\"status\", ErrorCode.UNKNOWN_ERROR)\n                            message = value.get(\"value\") or value.get(\"message\")\n                            if not isinstance(message, str):\n                                value = message\n                                message = message.get(\"message\") if isinstance(message, dict) else None\n                        else:\n                            message = value.get(\"message\", None)\n                except ValueError:\n                    pass\n    \n        exception_class: type[WebDriverException]\n        e = ErrorCode()\n        error_codes = [item for item in dir(e) if not item.startswith(\"__\")]\n        for error_code in error_codes:\n            error_info = getattr(ErrorCode, error_code)\n            if isinstance(error_info, list) and status in error_info:\n                exception_class = getattr(ExceptionMapping, error_code, WebDriverException)\n                break\n        else:\n            exception_class = WebDriverException\n    \n        if not value:\n            value = response[\"value\"]\n        if isinstance(value, str):\n            raise exception_class(value)\n        if message == \"\" and \"message\" in value:\n            message = value[\"message\"]\n    \n        screen = None  # type: ignore[assignment]\n        if \"screen\" in value:\n            screen = value[\"screen\"]\n    \n        stacktrace = None\n        st_value = value.get(\"stackTrace\") or value.get(\"stacktrace\")\n        if st_value:\n            if isinstance(st_value, str):\n                stacktrace = st_value.split(\"\\n\")\n            else:\n                stacktrace = []\n                try:\n                    for frame in st_value:\n                        line = frame.get(\"lineNumber\", \"\")\n                        file = frame.get(\"fileName\", \"<anonymous>\")\n                        if line:\n                            file = f\"{file}:{line}\"\n                        meth = frame.get(\"methodName\", \"<anonymous>\")\n                        if \"className\" in frame:\n                            meth = f\"{frame['className']}.{meth}\"\n                        msg = \"    at %s (%s)\"\n                        msg = msg % (meth, file)\n                        stacktrace.append(msg)\n                except TypeError:\n                    pass\n        if exception_class == UnexpectedAlertPresentException:\n            alert_text = None\n            if \"data\" in value:\n                alert_text = value[\"data\"].get(\"text\")\n            elif \"alert\" in value:\n                alert_text = value[\"alert\"].get(\"text\")\n            raise exception_class(message, screen, stacktrace, alert_text)  # type: ignore[call-arg]  # mypy is not smart enough here\n>       raise exception_class(message, screen, stacktrace)\nE       selenium.common.exceptions.NoSuchElementException: Message: no such element: Unable to locate element: {\"method\":\"link text\",\"selector\":\"iphone\"}\nE         (Session info: chrome=143.0.7499.41); For documentation on this error, please visit: https://www.selenium.dev/documentation/webdriver/troubleshooting/errors#nosuchelementexception\nE       Stacktrace:\nE       Symbols not available. Dumping unresolved backtrace:\nE       \t0x7ff718488245\nE       \t0x7ff7184882a0\nE       \t0x7ff71826165d\nE       \t0x7ff7182b9a33\nE       \t0x7ff7182b9d3c\nE       \t0x7ff71830df67\nE       \t0x7ff71830ac97\nE       \t0x7ff7182aac29\nE       \t0x7ff7182aba93\nE       \t0x7ff71879ffe0\nE       \t0x7ff71879a920\nE       \t0x7ff7187b9086\nE       \t0x7ff7184a5744\nE       \t0x7ff7184ae6ec\nE       \t0x7ff718491964\nE       \t0x7ff718491b15\nE       \t0x7ff718477842\nE       \t0x7ffa203ae8d7\nE       \t0x7ffa2186c53c\n\nC:\\Users\\yessine\\AppData\\Local\\Programs\\Python\\Python314\\Lib\\site-packages\\selenium\\webdriver\\remote\\errorhandler.py:232: NoSuchElementException"
            },
            "teardown": {
                "duration": 2.4103845999998157,
                "outcome": "passed"
            }
        },
        {
            "nodeid": "tests/test_functional.py::test_remove_from_cart",
            "lineno": 72,
            "outcome": "passed",
            "keywords": [
                "test_remove_from_cart",
                "test_functional.py",
                "tests",
                "SeleniumProject",
                ""
            ],
            "setup": {
                "duration": 1.9970479000003252,
                "outcome": "passed",
                "stdout": ">>> Running on Chrome\n"
            },
            "call": {
                "duration": 11.068415499998082,
                "outcome": "passed",
                "stdout": "\n------------------------------\n\u27a1\ufe0f  Ouverture du panier\n------------------------------\n\n------------------------------\n\u27a1\ufe0f  V\u00e9rification que le panier est vide\n------------------------------\n"
            },
            "teardown": {
                "duration": 2.4585685999991256,
                "outcome": "passed"
            }
        },
        {
            "nodeid": "tests/test_functional.py::test_create_account_valid",
            "lineno": 88,
            "outcome": "failed",
            "keywords": [
                "test_create_account_valid",
                "test_functional.py",
                "tests",
                "SeleniumProject",
                ""
            ],
            "setup": {
                "duration": 2.254134700000577,
                "outcome": "passed",
                "stdout": ">>> Running on Chrome\n"
            },
            "call": {
                "duration": 26.301772700000583,
                "outcome": "failed",
                "crash": {
                    "path": "C:\\Users\\yessine\\AppData\\Local\\Programs\\Python\\Python314\\Lib\\site-packages\\selenium\\webdriver\\support\\wait.py",
                    "lineno": 122,
                    "message": "selenium.common.exceptions.TimeoutException: Message: \nStacktrace:\nSymbols not available. Dumping unresolved backtrace:\n\t0x7ff718488245\n\t0x7ff7184882a0\n\t0x7ff71826165d\n\t0x7ff7182b9a33\n\t0x7ff7182b9d3c\n\t0x7ff71830df67\n\t0x7ff71830ac97\n\t0x7ff7182aac29\n\t0x7ff7182aba93\n\t0x7ff71879ffe0\n\t0x7ff71879a920\n\t0x7ff7187b9086\n\t0x7ff7184a5744\n\t0x7ff7184ae6ec\n\t0x7ff718491964\n\t0x7ff718491b15\n\t0x7ff718477842\n\t0x7ffa203ae8d7\n\t0x7ffa2186c53c"
                },
                "traceback": [
                    {
                        "path": "tests\\test_functional.py",
                        "lineno": 111,
                        "message": ""
                    },
                    {
                        "path": "C:\\Users\\yessine\\AppData\\Local\\Programs\\Python\\Python314\\Lib\\site-packages\\selenium\\webdriver\\support\\wait.py",
                        "lineno": 122,
                        "message": "TimeoutException"
                    }
                ],
                "stdout": "\n------------------------------\n\u27a1\ufe0f  Ouverture de la page inscription\n------------------------------\n\n------------------------------\n\u27a1\ufe0f  Remplissage du formulaire valide\n------------------------------\n\n------------------------------\n\u27a1\ufe0f  Soumission du formulaire\n------------------------------\n\n------------------------------\n\u27a1\ufe0f  V\u00e9rification de la cr\u00e9ation du compte\n------------------------------\n",
                "longrepr": "driver = <selenium.webdriver.chrome.webdriver.WebDriver (session=\"73da3a8e086ff16bf8bf30dedb2aff99\")>\n\n    def test_create_account_valid(driver):\n        step(\"Ouverture de la page inscription\")\n        driver.get(BASE_URL + \"index.php?route=account/register\")\n    \n        step(\"Remplissage du formulaire valide\")\n        driver.find_element(By.ID, \"input-firstname\").send_keys(\"Yessine\")\n        driver.find_element(By.ID, \"input-lastname\").send_keys(\"Allani\")\n        driver.find_element(By.ID, \"input-email\").send_keys(\"yessineallanii@gmail.com\")\n        driver.find_element(By.ID, \"input-telephone\").send_keys(\"58357168\")\n        driver.find_element(By.ID, \"input-password\").send_keys(\"Password123\")\n        driver.find_element(By.ID, \"input-confirm\").send_keys(\"Password123\")\n    \n        # Coche la case des conditions si pr\u00e9sente\n        agree_checkbox = driver.find_element(By.NAME, \"agree\")\n        if not agree_checkbox.is_selected():\n            agree_checkbox.click()\n    \n        step(\"Soumission du formulaire\")\n        driver.find_element(By.CSS_SELECTOR, \"input[type='submit']\").click()\n    \n        step(\"V\u00e9rification de la cr\u00e9ation du compte\")\n        wait = WebDriverWait(driver, 10)\n>       success_msg = wait.until(EC.presence_of_element_located((By.XPATH, \"//h1[contains(text(), 'Your Account Has Been Created!')]\")))\n                      ^^^^^^^^^^^^^^^^^^^^^^^^^^^^^^^^^^^^^^^^^^^^^^^^^^^^^^^^^^^^^^^^^^^^^^^^^^^^^^^^^^^^^^^^^^^^^^^^^^^^^^^^^^^^^^^^^^\n\ntests\\test_functional.py:111: \n_ _ _ _ _ _ _ _ _ _ _ _ _ _ _ _ _ _ _ _ _ _ _ _ _ _ _ _ _ _ _ _ _ _ _ _ _ _ _ _ _ _ _ _ _ _ _ _ _ _ _ _ _ _ _ _ _ _ _ _ _\n\nself = <selenium.webdriver.support.wait.WebDriverWait (session=\"73da3a8e086ff16bf8bf30dedb2aff99\")>\nmethod = <function presence_of_element_located.<locals>._predicate at 0x0000021B290F94E0>, message = ''\n\n    def until(self, method: Callable[[D], Literal[False] | T], message: str = \"\") -> T:\n        \"\"\"Wait until the method returns a value that is not False.\n    \n        Calls the method provided with the driver as an argument until the\n        return value does not evaluate to ``False``.\n    \n        Args:\n            method: A callable object that takes a WebDriver instance as an\n                argument.\n            message: Optional message for TimeoutException.\n    \n        Returns:\n            The result of the last call to `method`.\n    \n        Raises:\n            TimeoutException: If 'method' does not return a truthy value within\n                the WebDriverWait object's timeout.\n    \n        Example:\n            >>> from selenium.webdriver.common.by import By\n            >>> from selenium.webdriver.support.ui import WebDriverWait\n            >>> from selenium.webdriver.support import expected_conditions as EC\n            >>>\n            >>> # Wait until an element is visible on the page\n            >>> wait = WebDriverWait(driver, 10)\n            >>> element = wait.until(EC.visibility_of_element_located((By.ID, \"exampleId\")))\n            >>> print(element.text)\n        \"\"\"\n        screen = None\n        stacktrace = None\n    \n        end_time = time.monotonic() + self._timeout\n        while True:\n            try:\n                value = method(self._driver)\n                if value:\n                    return value\n            except self._ignored_exceptions as exc:\n                screen = getattr(exc, \"screen\", None)\n                stacktrace = getattr(exc, \"stacktrace\", None)\n            if time.monotonic() > end_time:\n                break\n            time.sleep(self._poll)\n>       raise TimeoutException(message, screen, stacktrace)\nE       selenium.common.exceptions.TimeoutException: Message: \nE       Stacktrace:\nE       Symbols not available. Dumping unresolved backtrace:\nE       \t0x7ff718488245\nE       \t0x7ff7184882a0\nE       \t0x7ff71826165d\nE       \t0x7ff7182b9a33\nE       \t0x7ff7182b9d3c\nE       \t0x7ff71830df67\nE       \t0x7ff71830ac97\nE       \t0x7ff7182aac29\nE       \t0x7ff7182aba93\nE       \t0x7ff71879ffe0\nE       \t0x7ff71879a920\nE       \t0x7ff7187b9086\nE       \t0x7ff7184a5744\nE       \t0x7ff7184ae6ec\nE       \t0x7ff718491964\nE       \t0x7ff718491b15\nE       \t0x7ff718477842\nE       \t0x7ffa203ae8d7\nE       \t0x7ffa2186c53c\n\nC:\\Users\\yessine\\AppData\\Local\\Programs\\Python\\Python314\\Lib\\site-packages\\selenium\\webdriver\\support\\wait.py:122: TimeoutException"
            },
            "teardown": {
                "duration": 2.4910471999974106,
                "outcome": "passed"
            }
        },
        {
            "nodeid": "tests/test_functional.py::test_login_valid",
            "lineno": 114,
            "outcome": "passed",
            "keywords": [
                "test_login_valid",
                "test_functional.py",
                "tests",
                "SeleniumProject",
                ""
            ],
            "setup": {
                "duration": 1.9242712999985088,
                "outcome": "passed",
                "stdout": ">>> Running on Chrome\n"
            },
            "call": {
                "duration": 15.634610900000553,
                "outcome": "passed",
                "stdout": "\n------------------------------\n\u27a1\ufe0f  Ouverture page login\n------------------------------\n\n------------------------------\n\u27a1\ufe0f  Connexion avec identifiants valides\n------------------------------\n\n------------------------------\n\u27a1\ufe0f  V\u00e9rification du titre\n------------------------------\n"
            },
            "teardown": {
                "duration": 2.4754630999996152,
                "outcome": "passed"
            }
        },
        {
            "nodeid": "tests/test_functional.py::test_filter_category",
            "lineno": 130,
            "outcome": "failed",
            "keywords": [
                "test_filter_category",
                "test_functional.py",
                "tests",
                "SeleniumProject",
                ""
            ],
            "setup": {
                "duration": 1.9024204000015743,
                "outcome": "passed",
                "stdout": ">>> Running on Chrome\n"
            },
            "call": {
                "duration": 11.626285700000153,
                "outcome": "failed",
                "crash": {
                    "path": "C:\\SeleniumProject\\tests\\test_functional.py",
                    "lineno": 140,
                    "message": "assert 'Desktops' in 'Your Store'\n +  where 'Your Store' = <selenium.webdriver.chrome.webdriver.WebDriver (session=\"7dcdb21f9b4f4c15b7c5f1d7799b245d\")>.title"
                },
                "traceback": [
                    {
                        "path": "tests\\test_functional.py",
                        "lineno": 140,
                        "message": "AssertionError"
                    }
                ],
                "stdout": "\n------------------------------\n\u27a1\ufe0f  Ouverture des cat\u00e9gories Desktops\n------------------------------\n\n------------------------------\n\u27a1\ufe0f  V\u00e9rification du titre\n------------------------------\n",
                "longrepr": "driver = <selenium.webdriver.chrome.webdriver.WebDriver (session=\"7dcdb21f9b4f4c15b7c5f1d7799b245d\")>\n\n    def test_filter_category(driver):\n        step(\"Ouverture des cat\u00e9gories Desktops\")\n        driver.get(BASE_URL)\n        time.sleep(2)\n    \n        driver.find_element(By.LINK_TEXT, \"Desktops\").click()\n        time.sleep(2)\n    \n        step(\"V\u00e9rification du titre\")\n>       assert \"Desktops\" in driver.title\nE       assert 'Desktops' in 'Your Store'\nE        +  where 'Your Store' = <selenium.webdriver.chrome.webdriver.WebDriver (session=\"7dcdb21f9b4f4c15b7c5f1d7799b245d\")>.title\n\ntests\\test_functional.py:140: AssertionError"
            },
            "teardown": {
                "duration": 3.637444799998775,
                "outcome": "passed"
            }
        },
        {
            "nodeid": "tests/test_functional.py::test_sort_price",
            "lineno": 143,
            "outcome": "failed",
            "keywords": [
                "test_sort_price",
                "test_functional.py",
                "tests",
                "SeleniumProject",
                ""
            ],
            "setup": {
                "duration": 2.0182055000004766,
                "outcome": "passed",
                "stdout": ">>> Running on Chrome\n"
            },
            "call": {
                "duration": 12.537614500000927,
                "outcome": "failed",
                "crash": {
                    "path": "C:\\Users\\yessine\\AppData\\Local\\Programs\\Python\\Python314\\Lib\\site-packages\\selenium\\webdriver\\remote\\errorhandler.py",
                    "lineno": 232,
                    "message": "selenium.common.exceptions.NoSuchElementException: Message: no such element: Unable to locate element: {\"method\":\"css selector\",\"selector\":\"[id=\"input-sort\"]\"}\n  (Session info: chrome=143.0.7499.41); For documentation on this error, please visit: https://www.selenium.dev/documentation/webdriver/troubleshooting/errors#nosuchelementexception\nStacktrace:\nSymbols not available. Dumping unresolved backtrace:\n\t0x7ff718488245\n\t0x7ff7184882a0\n\t0x7ff71826165d\n\t0x7ff7182b9a33\n\t0x7ff7182b9d3c\n\t0x7ff71830df67\n\t0x7ff71830ac97\n\t0x7ff7182aac29\n\t0x7ff7182aba93\n\t0x7ff71879ffe0\n\t0x7ff71879a920\n\t0x7ff7187b9086\n\t0x7ff7184a5744\n\t0x7ff7184ae6ec\n\t0x7ff718491964\n\t0x7ff718491b15\n\t0x7ff718477842\n\t0x7ffa203ae8d7\n\t0x7ffa2186c53c"
                },
                "traceback": [
                    {
                        "path": "tests\\test_functional.py",
                        "lineno": 153,
                        "message": ""
                    },
                    {
                        "path": "C:\\Users\\yessine\\AppData\\Local\\Programs\\Python\\Python314\\Lib\\site-packages\\selenium\\webdriver\\remote\\webdriver.py",
                        "lineno": 802,
                        "message": "in find_element"
                    },
                    {
                        "path": "C:\\Users\\yessine\\AppData\\Local\\Programs\\Python\\Python314\\Lib\\site-packages\\selenium\\webdriver\\remote\\webdriver.py",
                        "lineno": 432,
                        "message": "in execute"
                    },
                    {
                        "path": "C:\\Users\\yessine\\AppData\\Local\\Programs\\Python\\Python314\\Lib\\site-packages\\selenium\\webdriver\\remote\\errorhandler.py",
                        "lineno": 232,
                        "message": "NoSuchElementException"
                    }
                ],
                "stdout": "\n------------------------------\n\u27a1\ufe0f  Ouverture Desktops\n------------------------------\n\n------------------------------\n\u27a1\ufe0f  V\u00e9rification du menu de tri\n------------------------------\n",
                "longrepr": "driver = <selenium.webdriver.chrome.webdriver.WebDriver (session=\"a47644f767b82bc14a733c7d0f8a295f\")>\n\n    def test_sort_price(driver):\n        step(\"Ouverture Desktops\")\n        driver.get(BASE_URL)\n        time.sleep(2)\n    \n        driver.find_element(By.LINK_TEXT, \"Desktops\").click()\n        time.sleep(2)\n    \n        step(\"V\u00e9rification du menu de tri\")\n>       select = driver.find_element(By.ID, \"input-sort\")\n                 ^^^^^^^^^^^^^^^^^^^^^^^^^^^^^^^^^^^^^^^^\n\ntests\\test_functional.py:153: \n_ _ _ _ _ _ _ _ _ _ _ _ _ _ _ _ _ _ _ _ _ _ _ _ _ _ _ _ _ _ _ _ _ _ _ _ _ _ _ _ _ _ _ _ _ _ _ _ _ _ _ _ _ _ _ _ _ _ _ _ _\nC:\\Users\\yessine\\AppData\\Local\\Programs\\Python\\Python314\\Lib\\site-packages\\selenium\\webdriver\\remote\\webdriver.py:802: in find_element\n    return self.execute(Command.FIND_ELEMENT, {\"using\": by, \"value\": value})[\"value\"]\n           ^^^^^^^^^^^^^^^^^^^^^^^^^^^^^^^^^^^^^^^^^^^^^^^^^^^^^^^^^^^^^^^^^\nC:\\Users\\yessine\\AppData\\Local\\Programs\\Python\\Python314\\Lib\\site-packages\\selenium\\webdriver\\remote\\webdriver.py:432: in execute\n    self.error_handler.check_response(response)\n_ _ _ _ _ _ _ _ _ _ _ _ _ _ _ _ _ _ _ _ _ _ _ _ _ _ _ _ _ _ _ _ _ _ _ _ _ _ _ _ _ _ _ _ _ _ _ _ _ _ _ _ _ _ _ _ _ _ _ _ _\n\nself = <selenium.webdriver.remote.errorhandler.ErrorHandler object at 0x0000021B291527B0>\nresponse = {'status': 404, 'value': '{\"value\":{\"error\":\"no such element\",\"message\":\"no such element: Unable to locate element: {\\...ff7184ae6ec\\\\n\\\\t0x7ff718491964\\\\n\\\\t0x7ff718491b15\\\\n\\\\t0x7ff718477842\\\\n\\\\t0x7ffa203ae8d7\\\\n\\\\t0x7ffa2186c53c\\\\n\"}}'}\n\n    def check_response(self, response: dict[str, Any]) -> None:\n        \"\"\"Check that a JSON response from the WebDriver does not have an error.\n    \n        Args:\n            response: The JSON response from the WebDriver server as a dictionary\n                object.\n    \n        Raises:\n            WebDriverException: If the response contains an error message.\n        \"\"\"\n        status = response.get(\"status\", None)\n        if not status or status == ErrorCode.SUCCESS:\n            return\n        value = None\n        message = response.get(\"message\", \"\")\n        screen: str = response.get(\"screen\", \"\")\n        stacktrace = None\n        if isinstance(status, int):\n            value_json = response.get(\"value\", None)\n            if value_json and isinstance(value_json, str):\n                try:\n                    value = json.loads(value_json)\n                    if isinstance(value, dict):\n                        if len(value) == 1:\n                            value = value[\"value\"]\n                        status = value.get(\"error\", None)\n                        if not status:\n                            status = value.get(\"status\", ErrorCode.UNKNOWN_ERROR)\n                            message = value.get(\"value\") or value.get(\"message\")\n                            if not isinstance(message, str):\n                                value = message\n                                message = message.get(\"message\") if isinstance(message, dict) else None\n                        else:\n                            message = value.get(\"message\", None)\n                except ValueError:\n                    pass\n    \n        exception_class: type[WebDriverException]\n        e = ErrorCode()\n        error_codes = [item for item in dir(e) if not item.startswith(\"__\")]\n        for error_code in error_codes:\n            error_info = getattr(ErrorCode, error_code)\n            if isinstance(error_info, list) and status in error_info:\n                exception_class = getattr(ExceptionMapping, error_code, WebDriverException)\n                break\n        else:\n            exception_class = WebDriverException\n    \n        if not value:\n            value = response[\"value\"]\n        if isinstance(value, str):\n            raise exception_class(value)\n        if message == \"\" and \"message\" in value:\n            message = value[\"message\"]\n    \n        screen = None  # type: ignore[assignment]\n        if \"screen\" in value:\n            screen = value[\"screen\"]\n    \n        stacktrace = None\n        st_value = value.get(\"stackTrace\") or value.get(\"stacktrace\")\n        if st_value:\n            if isinstance(st_value, str):\n                stacktrace = st_value.split(\"\\n\")\n            else:\n                stacktrace = []\n                try:\n                    for frame in st_value:\n                        line = frame.get(\"lineNumber\", \"\")\n                        file = frame.get(\"fileName\", \"<anonymous>\")\n                        if line:\n                            file = f\"{file}:{line}\"\n                        meth = frame.get(\"methodName\", \"<anonymous>\")\n                        if \"className\" in frame:\n                            meth = f\"{frame['className']}.{meth}\"\n                        msg = \"    at %s (%s)\"\n                        msg = msg % (meth, file)\n                        stacktrace.append(msg)\n                except TypeError:\n                    pass\n        if exception_class == UnexpectedAlertPresentException:\n            alert_text = None\n            if \"data\" in value:\n                alert_text = value[\"data\"].get(\"text\")\n            elif \"alert\" in value:\n                alert_text = value[\"alert\"].get(\"text\")\n            raise exception_class(message, screen, stacktrace, alert_text)  # type: ignore[call-arg]  # mypy is not smart enough here\n>       raise exception_class(message, screen, stacktrace)\nE       selenium.common.exceptions.NoSuchElementException: Message: no such element: Unable to locate element: {\"method\":\"css selector\",\"selector\":\"[id=\"input-sort\"]\"}\nE         (Session info: chrome=143.0.7499.41); For documentation on this error, please visit: https://www.selenium.dev/documentation/webdriver/troubleshooting/errors#nosuchelementexception\nE       Stacktrace:\nE       Symbols not available. Dumping unresolved backtrace:\nE       \t0x7ff718488245\nE       \t0x7ff7184882a0\nE       \t0x7ff71826165d\nE       \t0x7ff7182b9a33\nE       \t0x7ff7182b9d3c\nE       \t0x7ff71830df67\nE       \t0x7ff71830ac97\nE       \t0x7ff7182aac29\nE       \t0x7ff7182aba93\nE       \t0x7ff71879ffe0\nE       \t0x7ff71879a920\nE       \t0x7ff7187b9086\nE       \t0x7ff7184a5744\nE       \t0x7ff7184ae6ec\nE       \t0x7ff718491964\nE       \t0x7ff718491b15\nE       \t0x7ff718477842\nE       \t0x7ffa203ae8d7\nE       \t0x7ffa2186c53c\n\nC:\\Users\\yessine\\AppData\\Local\\Programs\\Python\\Python314\\Lib\\site-packages\\selenium\\webdriver\\remote\\errorhandler.py:232: NoSuchElementException"
            },
            "teardown": {
                "duration": 2.4750358999990567,
                "outcome": "passed"
            }
        },
        {
            "nodeid": "tests/test_functional.py::test_contact_page",
            "lineno": 158,
            "outcome": "passed",
            "keywords": [
                "test_contact_page",
                "test_functional.py",
                "tests",
                "SeleniumProject",
                ""
            ],
            "setup": {
                "duration": 2.2873670000008133,
                "outcome": "passed",
                "stdout": ">>> Running on Chrome\n"
            },
            "call": {
                "duration": 12.422052600002644,
                "outcome": "passed",
                "stdout": "\n------------------------------\n\u27a1\ufe0f  Ouverture page Contact\n------------------------------\n"
            },
            "teardown": {
                "duration": 2.4446803999999247,
                "outcome": "passed"
            }
        },
        {
            "nodeid": "tests/test_functional.py::test_checkout_without_login",
            "lineno": 171,
            "outcome": "failed",
            "keywords": [
                "test_checkout_without_login",
                "test_functional.py",
                "tests",
                "SeleniumProject",
                ""
            ],
            "setup": {
                "duration": 7.71241199999713,
                "outcome": "passed",
                "stdout": ">>> Running on Chrome\n"
            },
            "call": {
                "duration": 12.340348300000187,
                "outcome": "failed",
                "crash": {
                    "path": "C:\\SeleniumProject\\tests\\test_functional.py",
                    "lineno": 181,
                    "message": "assert 'Account Login' in 'Shopping Cart'\n +  where 'Shopping Cart' = <selenium.webdriver.chrome.webdriver.WebDriver (session=\"c67a30dd947e3871781dd24e1773276c\")>.title"
                },
                "traceback": [
                    {
                        "path": "tests\\test_functional.py",
                        "lineno": 181,
                        "message": "AssertionError"
                    }
                ],
                "stdout": "\n------------------------------\n\u27a1\ufe0f  Ouverture panier puis checkout\n------------------------------\n\n------------------------------\n\u27a1\ufe0f  V\u00e9rification redirection login\n------------------------------\n",
                "longrepr": "driver = <selenium.webdriver.chrome.webdriver.WebDriver (session=\"c67a30dd947e3871781dd24e1773276c\")>\n\n    def test_checkout_without_login(driver):\n        step(\"Ouverture panier puis checkout\")\n        driver.get(BASE_URL + \"index.php?route=checkout/cart\")\n        time.sleep(2)\n    \n        driver.find_element(By.LINK_TEXT, \"Checkout\").click()\n        time.sleep(2)\n    \n        step(\"V\u00e9rification redirection login\")\n>       assert \"Account Login\" in driver.title\nE       assert 'Account Login' in 'Shopping Cart'\nE        +  where 'Shopping Cart' = <selenium.webdriver.chrome.webdriver.WebDriver (session=\"c67a30dd947e3871781dd24e1773276c\")>.title\n\ntests\\test_functional.py:181: AssertionError"
            },
            "teardown": {
                "duration": 2.531053900002007,
                "outcome": "passed"
            }
        },
        {
            "nodeid": "tests/test_functional.py::test_search_invalid_product",
            "lineno": 187,
            "outcome": "failed",
            "keywords": [
                "test_search_invalid_product",
                "test_functional.py",
                "tests",
                "SeleniumProject",
                ""
            ],
            "setup": {
                "duration": 1.794152700000268,
                "outcome": "passed",
                "stdout": ">>> Running on Chrome\n"
            },
            "call": {
                "duration": 11.413714700000128,
                "outcome": "failed",
                "crash": {
                    "path": "C:\\Users\\yessine\\AppData\\Local\\Programs\\Python\\Python314\\Lib\\site-packages\\selenium\\webdriver\\remote\\webelement.py",
                    "lineno": 138,
                    "message": "selenium.common.exceptions.WebDriverException: Message: To submit an element, it must be nested inside a form element"
                },
                "traceback": [
                    {
                        "path": "tests\\test_functional.py",
                        "lineno": 194,
                        "message": ""
                    },
                    {
                        "path": "C:\\Users\\yessine\\AppData\\Local\\Programs\\Python\\Python314\\Lib\\site-packages\\selenium\\webdriver\\remote\\webelement.py",
                        "lineno": 138,
                        "message": "WebDriverException"
                    }
                ],
                "stdout": "\n------------------------------\n\u27a1\ufe0f  Recherche d'un produit inexistant\n------------------------------\n",
                "longrepr": "self = <selenium.webdriver.remote.webelement.WebElement (session=\"1081af609f3e45b332f42e28dea8330b\", element=\"f.B5E5437B339F9DFD09887614845DEFC0.d.DCB5FC1042FD3511E56ADC987CBAD784.e.3\")>\n\n    def submit(self) -> None:\n        \"\"\"Submits a form.\n    \n        Example:\n            form = driver.find_element(By.NAME, \"login\")\n            form.submit()\n        \"\"\"\n        script = (\n            \"/* submitForm */var form = arguments[0];\\n\"\n            'while (form.nodeName != \"FORM\" && form.parentNode) {\\n'\n            \"  form = form.parentNode;\\n\"\n            \"}\\n\"\n            \"if (!form) { throw Error('Unable to find containing form element'); }\\n\"\n            \"if (!form.ownerDocument) { throw Error('Unable to find owning document'); }\\n\"\n            \"var e = form.ownerDocument.createEvent('Event');\\n\"\n            \"e.initEvent('submit', true, true);\\n\"\n            \"if (form.dispatchEvent(e)) { HTMLFormElement.prototype.submit.call(form) }\\n\"\n        )\n    \n        try:\n>           self._parent.execute_script(script, self)\n\nC:\\Users\\yessine\\AppData\\Local\\Programs\\Python\\Python314\\Lib\\site-packages\\selenium\\webdriver\\remote\\webelement.py:136: \n_ _ _ _ _ _ _ _ _ _ _ _ _ _ _ _ _ _ _ _ _ _ _ _ _ _ _ _ _ _ _ _ _ _ _ _ _ _ _ _ _ _ _ _ _ _ _ _ _ _ _ _ _ _ _ _ _ _ _ _ _\nC:\\Users\\yessine\\AppData\\Local\\Programs\\Python\\Python314\\Lib\\site-packages\\selenium\\webdriver\\remote\\webdriver.py:518: in execute_script\n    return self.execute(command, {\"script\": script, \"args\": converted_args})[\"value\"]\n           ^^^^^^^^^^^^^^^^^^^^^^^^^^^^^^^^^^^^^^^^^^^^^^^^^^^^^^^^^^^^^^^^^\nC:\\Users\\yessine\\AppData\\Local\\Programs\\Python\\Python314\\Lib\\site-packages\\selenium\\webdriver\\remote\\webdriver.py:432: in execute\n    self.error_handler.check_response(response)\n_ _ _ _ _ _ _ _ _ _ _ _ _ _ _ _ _ _ _ _ _ _ _ _ _ _ _ _ _ _ _ _ _ _ _ _ _ _ _ _ _ _ _ _ _ _ _ _ _ _ _ _ _ _ _ _ _ _ _ _ _\n\nself = <selenium.webdriver.remote.errorhandler.ErrorHandler object at 0x0000021B29083BD0>\nresponse = {'status': 500, 'value': '{\"value\":{\"error\":\"javascript error\",\"message\":\"javascript error: Unable to find owning docu...ff7184ae6ec\\\\n\\\\t0x7ff718491964\\\\n\\\\t0x7ff718491b15\\\\n\\\\t0x7ff718477842\\\\n\\\\t0x7ffa203ae8d7\\\\n\\\\t0x7ffa2186c53c\\\\n\"}}'}\n\n    def check_response(self, response: dict[str, Any]) -> None:\n        \"\"\"Check that a JSON response from the WebDriver does not have an error.\n    \n        Args:\n            response: The JSON response from the WebDriver server as a dictionary\n                object.\n    \n        Raises:\n            WebDriverException: If the response contains an error message.\n        \"\"\"\n        status = response.get(\"status\", None)\n        if not status or status == ErrorCode.SUCCESS:\n            return\n        value = None\n        message = response.get(\"message\", \"\")\n        screen: str = response.get(\"screen\", \"\")\n        stacktrace = None\n        if isinstance(status, int):\n            value_json = response.get(\"value\", None)\n            if value_json and isinstance(value_json, str):\n                try:\n                    value = json.loads(value_json)\n                    if isinstance(value, dict):\n                        if len(value) == 1:\n                            value = value[\"value\"]\n                        status = value.get(\"error\", None)\n                        if not status:\n                            status = value.get(\"status\", ErrorCode.UNKNOWN_ERROR)\n                            message = value.get(\"value\") or value.get(\"message\")\n                            if not isinstance(message, str):\n                                value = message\n                                message = message.get(\"message\") if isinstance(message, dict) else None\n                        else:\n                            message = value.get(\"message\", None)\n                except ValueError:\n                    pass\n    \n        exception_class: type[WebDriverException]\n        e = ErrorCode()\n        error_codes = [item for item in dir(e) if not item.startswith(\"__\")]\n        for error_code in error_codes:\n            error_info = getattr(ErrorCode, error_code)\n            if isinstance(error_info, list) and status in error_info:\n                exception_class = getattr(ExceptionMapping, error_code, WebDriverException)\n                break\n        else:\n            exception_class = WebDriverException\n    \n        if not value:\n            value = response[\"value\"]\n        if isinstance(value, str):\n            raise exception_class(value)\n        if message == \"\" and \"message\" in value:\n            message = value[\"message\"]\n    \n        screen = None  # type: ignore[assignment]\n        if \"screen\" in value:\n            screen = value[\"screen\"]\n    \n        stacktrace = None\n        st_value = value.get(\"stackTrace\") or value.get(\"stacktrace\")\n        if st_value:\n            if isinstance(st_value, str):\n                stacktrace = st_value.split(\"\\n\")\n            else:\n                stacktrace = []\n                try:\n                    for frame in st_value:\n                        line = frame.get(\"lineNumber\", \"\")\n                        file = frame.get(\"fileName\", \"<anonymous>\")\n                        if line:\n                            file = f\"{file}:{line}\"\n                        meth = frame.get(\"methodName\", \"<anonymous>\")\n                        if \"className\" in frame:\n                            meth = f\"{frame['className']}.{meth}\"\n                        msg = \"    at %s (%s)\"\n                        msg = msg % (meth, file)\n                        stacktrace.append(msg)\n                except TypeError:\n                    pass\n        if exception_class == UnexpectedAlertPresentException:\n            alert_text = None\n            if \"data\" in value:\n                alert_text = value[\"data\"].get(\"text\")\n            elif \"alert\" in value:\n                alert_text = value[\"alert\"].get(\"text\")\n            raise exception_class(message, screen, stacktrace, alert_text)  # type: ignore[call-arg]  # mypy is not smart enough here\n>       raise exception_class(message, screen, stacktrace)\nE       selenium.common.exceptions.JavascriptException: Message: javascript error: Unable to find owning document\nE         (Session info: chrome=143.0.7499.41)\nE       Stacktrace:\nE       Symbols not available. Dumping unresolved backtrace:\nE       \t0x7ff718488245\nE       \t0x7ff7184882a0\nE       \t0x7ff71826165d\nE       \t0x7ff7182692cc\nE       \t0x7ff71826c74e\nE       \t0x7ff71830c05f\nE       \t0x7ff7182e1fda\nE       \t0x7ff71830ac97\nE       \t0x7ff7182aac29\nE       \t0x7ff7182aba93\nE       \t0x7ff71879ffe0\nE       \t0x7ff71879a920\nE       \t0x7ff7187b9086\nE       \t0x7ff7184a5744\nE       \t0x7ff7184ae6ec\nE       \t0x7ff718491964\nE       \t0x7ff718491b15\nE       \t0x7ff718477842\nE       \t0x7ffa203ae8d7\nE       \t0x7ffa2186c53c\n\nC:\\Users\\yessine\\AppData\\Local\\Programs\\Python\\Python314\\Lib\\site-packages\\selenium\\webdriver\\remote\\errorhandler.py:232: JavascriptException\n\nThe above exception was the direct cause of the following exception:\n\ndriver = <selenium.webdriver.chrome.webdriver.WebDriver (session=\"1081af609f3e45b332f42e28dea8330b\")>\n\n    def test_search_invalid_product(driver):\n        step(\"Recherche d'un produit inexistant\")\n        driver.get(BASE_URL)\n        time.sleep(2)\n    \n        driver.find_element(By.NAME, \"search\").send_keys(\"ProduitInexistant\")\n>       driver.find_element(By.NAME, \"search\").submit()\n\ntests\\test_functional.py:194: \n_ _ _ _ _ _ _ _ _ _ _ _ _ _ _ _ _ _ _ _ _ _ _ _ _ _ _ _ _ _ _ _ _ _ _ _ _ _ _ _ _ _ _ _ _ _ _ _ _ _ _ _ _ _ _ _ _ _ _ _ _\n\nself = <selenium.webdriver.remote.webelement.WebElement (session=\"1081af609f3e45b332f42e28dea8330b\", element=\"f.B5E5437B339F9DFD09887614845DEFC0.d.DCB5FC1042FD3511E56ADC987CBAD784.e.3\")>\n\n    def submit(self) -> None:\n        \"\"\"Submits a form.\n    \n        Example:\n            form = driver.find_element(By.NAME, \"login\")\n            form.submit()\n        \"\"\"\n        script = (\n            \"/* submitForm */var form = arguments[0];\\n\"\n            'while (form.nodeName != \"FORM\" && form.parentNode) {\\n'\n            \"  form = form.parentNode;\\n\"\n            \"}\\n\"\n            \"if (!form) { throw Error('Unable to find containing form element'); }\\n\"\n            \"if (!form.ownerDocument) { throw Error('Unable to find owning document'); }\\n\"\n            \"var e = form.ownerDocument.createEvent('Event');\\n\"\n            \"e.initEvent('submit', true, true);\\n\"\n            \"if (form.dispatchEvent(e)) { HTMLFormElement.prototype.submit.call(form) }\\n\"\n        )\n    \n        try:\n            self._parent.execute_script(script, self)\n        except JavascriptException as exc:\n>           raise WebDriverException(\"To submit an element, it must be nested inside a form element\") from exc\nE           selenium.common.exceptions.WebDriverException: Message: To submit an element, it must be nested inside a form element\n\nC:\\Users\\yessine\\AppData\\Local\\Programs\\Python\\Python314\\Lib\\site-packages\\selenium\\webdriver\\remote\\webelement.py:138: WebDriverException"
            },
            "teardown": {
                "duration": 2.506377400000929,
                "outcome": "passed"
            }
        },
        {
            "nodeid": "tests/test_functional.py::test_login_invalid_password",
            "lineno": 204,
            "outcome": "failed",
            "keywords": [
                "test_login_invalid_password",
                "test_functional.py",
                "tests",
                "SeleniumProject",
                ""
            ],
            "setup": {
                "duration": 2.0405155000007653,
                "outcome": "passed",
                "stdout": ">>> Running on Chrome\n"
            },
            "call": {
                "duration": 12.94158729999981,
                "outcome": "failed",
                "crash": {
                    "path": "C:\\SeleniumProject\\tests\\test_functional.py",
                    "lineno": 217,
                    "message": "assert 'No match for E-Mail and/or Password' in 'Warning: No match for E-Mail Address and/or Password.'\n +  where 'Warning: No match for E-Mail Address and/or Password.' = <selenium.webdriver.remote.webelement.WebElement (session=\"b4d5b32ec49efb0f054e56aa22de2171\", element=\"f.7892484BACC6AB31D0B5F8A0DCDDFE70.d.9AC3807E223E9A9E313BCA8FDDF2F256.e.78\")>.text"
                },
                "traceback": [
                    {
                        "path": "tests\\test_functional.py",
                        "lineno": 217,
                        "message": "AssertionError"
                    }
                ],
                "stdout": "\n------------------------------\n\u27a1\ufe0f  Tentative de login avec mauvais mot de passe\n------------------------------\n\n------------------------------\n\u27a1\ufe0f  Message d'erreur\n------------------------------\n",
                "longrepr": "driver = <selenium.webdriver.chrome.webdriver.WebDriver (session=\"b4d5b32ec49efb0f054e56aa22de2171\")>\n\n    def test_login_invalid_password(driver):\n        step(\"Tentative de login avec mauvais mot de passe\")\n        driver.get(BASE_URL + \"index.php?route=account/login\")\n        time.sleep(2)\n    \n        driver.find_element(By.ID, \"input-email\").send_keys(\"yessineallani2@gmail.com\")\n        driver.find_element(By.ID, \"input-password\").send_keys(\"WrongPass\")\n        driver.find_element(By.CSS_SELECTOR, \"input[type='submit']\").click()\n        time.sleep(2)\n    \n        step(\"Message d'erreur\")\n        error = driver.find_element(By.CSS_SELECTOR, \".alert-danger\")\n>       assert \"No match for E-Mail and/or Password\" in error.text\nE       assert 'No match for E-Mail and/or Password' in 'Warning: No match for E-Mail Address and/or Password.'\nE        +  where 'Warning: No match for E-Mail Address and/or Password.' = <selenium.webdriver.remote.webelement.WebElement (session=\"b4d5b32ec49efb0f054e56aa22de2171\", element=\"f.7892484BACC6AB31D0B5F8A0DCDDFE70.d.9AC3807E223E9A9E313BCA8FDDF2F256.e.78\")>.text\n\ntests\\test_functional.py:217: AssertionError"
            },
            "teardown": {
                "duration": 2.4475643999976455,
                "outcome": "passed"
            }
        },
        {
            "nodeid": "tests/test_functional.py::test_create_account_existing_email",
            "lineno": 220,
            "outcome": "failed",
            "keywords": [
                "test_create_account_existing_email",
                "test_functional.py",
                "tests",
                "SeleniumProject",
                ""
            ],
            "setup": {
                "duration": 2.354169500002172,
                "outcome": "passed",
                "stdout": ">>> Running on Chrome\n"
            },
            "call": {
                "duration": 7.966424000002007,
                "outcome": "failed",
                "crash": {
                    "path": "C:\\SeleniumProject\\tests\\test_functional.py",
                    "lineno": 236,
                    "message": "assert 'Warning: E-Mail Address is already registered!' in 'Warning: You must agree to the Privacy Policy!'\n +  where 'Warning: You must agree to the Privacy Policy!' = <selenium.webdriver.remote.webelement.WebElement (session=\"006218abba0c4ce8a416e70a681e82a2\", element=\"f.98DEC72237A7004D1D6E62C78167A14F.d.BB10AAEBCBE85CA0FFEF6D4DD8606D5F.e.113\")>.text"
                },
                "traceback": [
                    {
                        "path": "tests\\test_functional.py",
                        "lineno": 236,
                        "message": "AssertionError"
                    }
                ],
                "stdout": "\n------------------------------\n\u27a1\ufe0f  Cr\u00e9ation compte avec email d\u00e9j\u00e0 existant\n------------------------------\n",
                "longrepr": "driver = <selenium.webdriver.chrome.webdriver.WebDriver (session=\"006218abba0c4ce8a416e70a681e82a2\")>\n\n    def test_create_account_existing_email(driver):\n        step(\"Cr\u00e9ation compte avec email d\u00e9j\u00e0 existant\")\n        driver.get(BASE_URL + \"index.php?route=account/register\")\n    \n        driver.find_element(By.ID, \"input-firstname\").send_keys(\"Test\")\n        driver.find_element(By.ID, \"input-lastname\").send_keys(\"User\")\n        driver.find_element(By.ID, \"input-email\").send_keys(\"yessineallanii@gmail.com\")\n        driver.find_element(By.ID, \"input-telephone\").send_keys(\"58357168\")\n        driver.find_element(By.ID, \"input-password\").send_keys(\"Password123\")\n        driver.find_element(By.ID, \"input-confirm\").send_keys(\"Password123\")\n    \n        driver.find_element(By.CSS_SELECTOR, \"input[type='submit']\").click()\n    \n        wait = WebDriverWait(driver, 10)\n        error = wait.until(EC.presence_of_element_located((By.CSS_SELECTOR, \".alert-danger\")))\n>       assert \"Warning: E-Mail Address is already registered!\" in error.text\nE       assert 'Warning: E-Mail Address is already registered!' in 'Warning: You must agree to the Privacy Policy!'\nE        +  where 'Warning: You must agree to the Privacy Policy!' = <selenium.webdriver.remote.webelement.WebElement (session=\"006218abba0c4ce8a416e70a681e82a2\", element=\"f.98DEC72237A7004D1D6E62C78167A14F.d.BB10AAEBCBE85CA0FFEF6D4DD8606D5F.e.113\")>.text\n\ntests\\test_functional.py:236: AssertionError"
            },
            "teardown": {
                "duration": 2.3949251000012737,
                "outcome": "passed"
            }
        },
        {
            "nodeid": "tests/test_functional.py::test_create_account_long_name",
            "lineno": 240,
            "outcome": "passed",
            "keywords": [
                "test_create_account_long_name",
                "test_functional.py",
                "tests",
                "SeleniumProject",
                ""
            ],
            "setup": {
                "duration": 1.8451136999974551,
                "outcome": "passed",
                "stdout": ">>> Running on Chrome\n"
            },
            "call": {
                "duration": 13.559460799999215,
                "outcome": "passed",
                "stdout": "\n------------------------------\n\u27a1\ufe0f  Inscription avec nom/pr\u00e9nom trop long\n------------------------------\n"
            },
            "teardown": {
                "duration": 2.7929229000001214,
                "outcome": "passed"
            }
        },
        {
            "nodeid": "tests/test_functional.py::test_submit_empty_form",
            "lineno": 260,
            "outcome": "passed",
            "keywords": [
                "test_submit_empty_form",
                "test_functional.py",
                "tests",
                "SeleniumProject",
                ""
            ],
            "setup": {
                "duration": 2.29053329999806,
                "outcome": "passed",
                "stdout": ">>> Running on Chrome\n"
            },
            "call": {
                "duration": 12.018112400000973,
                "outcome": "passed",
                "stdout": "\n------------------------------\n\u27a1\ufe0f  Soumission d'un formulaire vide\n------------------------------\n"
            },
            "teardown": {
                "duration": 3.221722599999339,
                "outcome": "passed"
            }
        },
        {
            "nodeid": "tests/test_functional.py::test_sql_injection_search",
            "lineno": 274,
            "outcome": "failed",
            "keywords": [
                "test_sql_injection_search",
                "test_functional.py",
                "tests",
                "SeleniumProject",
                ""
            ],
            "setup": {
                "duration": 2.361218400001235,
                "outcome": "passed",
                "stdout": ">>> Running on Chrome\n"
            },
            "call": {
                "duration": 7.624005199999374,
                "outcome": "failed",
                "crash": {
                    "path": "C:\\Users\\yessine\\AppData\\Local\\Programs\\Python\\Python314\\Lib\\site-packages\\selenium\\webdriver\\remote\\webelement.py",
                    "lineno": 138,
                    "message": "selenium.common.exceptions.WebDriverException: Message: To submit an element, it must be nested inside a form element"
                },
                "traceback": [
                    {
                        "path": "tests\\test_functional.py",
                        "lineno": 281,
                        "message": ""
                    },
                    {
                        "path": "C:\\Users\\yessine\\AppData\\Local\\Programs\\Python\\Python314\\Lib\\site-packages\\selenium\\webdriver\\remote\\webelement.py",
                        "lineno": 138,
                        "message": "WebDriverException"
                    }
                ],
                "stdout": "\n------------------------------\n\u27a1\ufe0f  Tentative SQL Injection dans la recherche\n------------------------------\n",
                "longrepr": "self = <selenium.webdriver.remote.webelement.WebElement (session=\"16946a7ba1959fc4091659c45e1d2dbc\", element=\"f.D1C2FC75002F686BBDAED9FE7E05AB78.d.B38F5CA91F48174BDB1208AF80B4A98A.e.3\")>\n\n    def submit(self) -> None:\n        \"\"\"Submits a form.\n    \n        Example:\n            form = driver.find_element(By.NAME, \"login\")\n            form.submit()\n        \"\"\"\n        script = (\n            \"/* submitForm */var form = arguments[0];\\n\"\n            'while (form.nodeName != \"FORM\" && form.parentNode) {\\n'\n            \"  form = form.parentNode;\\n\"\n            \"}\\n\"\n            \"if (!form) { throw Error('Unable to find containing form element'); }\\n\"\n            \"if (!form.ownerDocument) { throw Error('Unable to find owning document'); }\\n\"\n            \"var e = form.ownerDocument.createEvent('Event');\\n\"\n            \"e.initEvent('submit', true, true);\\n\"\n            \"if (form.dispatchEvent(e)) { HTMLFormElement.prototype.submit.call(form) }\\n\"\n        )\n    \n        try:\n>           self._parent.execute_script(script, self)\n\nC:\\Users\\yessine\\AppData\\Local\\Programs\\Python\\Python314\\Lib\\site-packages\\selenium\\webdriver\\remote\\webelement.py:136: \n_ _ _ _ _ _ _ _ _ _ _ _ _ _ _ _ _ _ _ _ _ _ _ _ _ _ _ _ _ _ _ _ _ _ _ _ _ _ _ _ _ _ _ _ _ _ _ _ _ _ _ _ _ _ _ _ _ _ _ _ _\nC:\\Users\\yessine\\AppData\\Local\\Programs\\Python\\Python314\\Lib\\site-packages\\selenium\\webdriver\\remote\\webdriver.py:518: in execute_script\n    return self.execute(command, {\"script\": script, \"args\": converted_args})[\"value\"]\n           ^^^^^^^^^^^^^^^^^^^^^^^^^^^^^^^^^^^^^^^^^^^^^^^^^^^^^^^^^^^^^^^^^\nC:\\Users\\yessine\\AppData\\Local\\Programs\\Python\\Python314\\Lib\\site-packages\\selenium\\webdriver\\remote\\webdriver.py:432: in execute\n    self.error_handler.check_response(response)\n_ _ _ _ _ _ _ _ _ _ _ _ _ _ _ _ _ _ _ _ _ _ _ _ _ _ _ _ _ _ _ _ _ _ _ _ _ _ _ _ _ _ _ _ _ _ _ _ _ _ _ _ _ _ _ _ _ _ _ _ _\n\nself = <selenium.webdriver.remote.errorhandler.ErrorHandler object at 0x0000021B29550940>\nresponse = {'status': 500, 'value': '{\"value\":{\"error\":\"javascript error\",\"message\":\"javascript error: Unable to find owning docu...ff7184ae6ec\\\\n\\\\t0x7ff718491964\\\\n\\\\t0x7ff718491b15\\\\n\\\\t0x7ff718477842\\\\n\\\\t0x7ffa203ae8d7\\\\n\\\\t0x7ffa2186c53c\\\\n\"}}'}\n\n    def check_response(self, response: dict[str, Any]) -> None:\n        \"\"\"Check that a JSON response from the WebDriver does not have an error.\n    \n        Args:\n            response: The JSON response from the WebDriver server as a dictionary\n                object.\n    \n        Raises:\n            WebDriverException: If the response contains an error message.\n        \"\"\"\n        status = response.get(\"status\", None)\n        if not status or status == ErrorCode.SUCCESS:\n            return\n        value = None\n        message = response.get(\"message\", \"\")\n        screen: str = response.get(\"screen\", \"\")\n        stacktrace = None\n        if isinstance(status, int):\n            value_json = response.get(\"value\", None)\n            if value_json and isinstance(value_json, str):\n                try:\n                    value = json.loads(value_json)\n                    if isinstance(value, dict):\n                        if len(value) == 1:\n                            value = value[\"value\"]\n                        status = value.get(\"error\", None)\n                        if not status:\n                            status = value.get(\"status\", ErrorCode.UNKNOWN_ERROR)\n                            message = value.get(\"value\") or value.get(\"message\")\n                            if not isinstance(message, str):\n                                value = message\n                                message = message.get(\"message\") if isinstance(message, dict) else None\n                        else:\n                            message = value.get(\"message\", None)\n                except ValueError:\n                    pass\n    \n        exception_class: type[WebDriverException]\n        e = ErrorCode()\n        error_codes = [item for item in dir(e) if not item.startswith(\"__\")]\n        for error_code in error_codes:\n            error_info = getattr(ErrorCode, error_code)\n            if isinstance(error_info, list) and status in error_info:\n                exception_class = getattr(ExceptionMapping, error_code, WebDriverException)\n                break\n        else:\n            exception_class = WebDriverException\n    \n        if not value:\n            value = response[\"value\"]\n        if isinstance(value, str):\n            raise exception_class(value)\n        if message == \"\" and \"message\" in value:\n            message = value[\"message\"]\n    \n        screen = None  # type: ignore[assignment]\n        if \"screen\" in value:\n            screen = value[\"screen\"]\n    \n        stacktrace = None\n        st_value = value.get(\"stackTrace\") or value.get(\"stacktrace\")\n        if st_value:\n            if isinstance(st_value, str):\n                stacktrace = st_value.split(\"\\n\")\n            else:\n                stacktrace = []\n                try:\n                    for frame in st_value:\n                        line = frame.get(\"lineNumber\", \"\")\n                        file = frame.get(\"fileName\", \"<anonymous>\")\n                        if line:\n                            file = f\"{file}:{line}\"\n                        meth = frame.get(\"methodName\", \"<anonymous>\")\n                        if \"className\" in frame:\n                            meth = f\"{frame['className']}.{meth}\"\n                        msg = \"    at %s (%s)\"\n                        msg = msg % (meth, file)\n                        stacktrace.append(msg)\n                except TypeError:\n                    pass\n        if exception_class == UnexpectedAlertPresentException:\n            alert_text = None\n            if \"data\" in value:\n                alert_text = value[\"data\"].get(\"text\")\n            elif \"alert\" in value:\n                alert_text = value[\"alert\"].get(\"text\")\n            raise exception_class(message, screen, stacktrace, alert_text)  # type: ignore[call-arg]  # mypy is not smart enough here\n>       raise exception_class(message, screen, stacktrace)\nE       selenium.common.exceptions.JavascriptException: Message: javascript error: Unable to find owning document\nE         (Session info: chrome=143.0.7499.41)\nE       Stacktrace:\nE       Symbols not available. Dumping unresolved backtrace:\nE       \t0x7ff718488245\nE       \t0x7ff7184882a0\nE       \t0x7ff71826165d\nE       \t0x7ff7182692cc\nE       \t0x7ff71826c74e\nE       \t0x7ff71830c05f\nE       \t0x7ff7182e1fda\nE       \t0x7ff71830ac97\nE       \t0x7ff7182aac29\nE       \t0x7ff7182aba93\nE       \t0x7ff71879ffe0\nE       \t0x7ff71879a920\nE       \t0x7ff7187b9086\nE       \t0x7ff7184a5744\nE       \t0x7ff7184ae6ec\nE       \t0x7ff718491964\nE       \t0x7ff718491b15\nE       \t0x7ff718477842\nE       \t0x7ffa203ae8d7\nE       \t0x7ffa2186c53c\n\nC:\\Users\\yessine\\AppData\\Local\\Programs\\Python\\Python314\\Lib\\site-packages\\selenium\\webdriver\\remote\\errorhandler.py:232: JavascriptException\n\nThe above exception was the direct cause of the following exception:\n\ndriver = <selenium.webdriver.chrome.webdriver.WebDriver (session=\"16946a7ba1959fc4091659c45e1d2dbc\")>\n\n    def test_sql_injection_search(driver):\n        step(\"Tentative SQL Injection dans la recherche\")\n        driver.get(BASE_URL)\n        time.sleep(2)\n    \n        driver.find_element(By.NAME, \"search\").send_keys(\"' OR 1=1 --\")\n>       driver.find_element(By.NAME, \"search\").submit()\n\ntests\\test_functional.py:281: \n_ _ _ _ _ _ _ _ _ _ _ _ _ _ _ _ _ _ _ _ _ _ _ _ _ _ _ _ _ _ _ _ _ _ _ _ _ _ _ _ _ _ _ _ _ _ _ _ _ _ _ _ _ _ _ _ _ _ _ _ _\n\nself = <selenium.webdriver.remote.webelement.WebElement (session=\"16946a7ba1959fc4091659c45e1d2dbc\", element=\"f.D1C2FC75002F686BBDAED9FE7E05AB78.d.B38F5CA91F48174BDB1208AF80B4A98A.e.3\")>\n\n    def submit(self) -> None:\n        \"\"\"Submits a form.\n    \n        Example:\n            form = driver.find_element(By.NAME, \"login\")\n            form.submit()\n        \"\"\"\n        script = (\n            \"/* submitForm */var form = arguments[0];\\n\"\n            'while (form.nodeName != \"FORM\" && form.parentNode) {\\n'\n            \"  form = form.parentNode;\\n\"\n            \"}\\n\"\n            \"if (!form) { throw Error('Unable to find containing form element'); }\\n\"\n            \"if (!form.ownerDocument) { throw Error('Unable to find owning document'); }\\n\"\n            \"var e = form.ownerDocument.createEvent('Event');\\n\"\n            \"e.initEvent('submit', true, true);\\n\"\n            \"if (form.dispatchEvent(e)) { HTMLFormElement.prototype.submit.call(form) }\\n\"\n        )\n    \n        try:\n            self._parent.execute_script(script, self)\n        except JavascriptException as exc:\n>           raise WebDriverException(\"To submit an element, it must be nested inside a form element\") from exc\nE           selenium.common.exceptions.WebDriverException: Message: To submit an element, it must be nested inside a form element\n\nC:\\Users\\yessine\\AppData\\Local\\Programs\\Python\\Python314\\Lib\\site-packages\\selenium\\webdriver\\remote\\webelement.py:138: WebDriverException"
            },
            "teardown": {
                "duration": 2.6908986999987974,
                "outcome": "passed"
            }
        },
        {
            "nodeid": "tests/test_functional.py::test_access_private_page_without_login",
            "lineno": 288,
            "outcome": "passed",
            "keywords": [
                "test_access_private_page_without_login",
                "test_functional.py",
                "tests",
                "SeleniumProject",
                ""
            ],
            "setup": {
                "duration": 2.1864295000013954,
                "outcome": "passed",
                "stdout": ">>> Running on Chrome\n"
            },
            "call": {
                "duration": 8.114527999998245,
                "outcome": "passed",
                "stdout": "\n------------------------------\n\u27a1\ufe0f  Acc\u00e8s \u00e0 une page priv\u00e9e sans login\n------------------------------\n"
            },
            "teardown": {
                "duration": 2.83624509999936,
                "outcome": "passed"
            }
        },
        {
            "nodeid": "tests/test_performance.py::test_homepage_load_time",
            "lineno": 6,
            "outcome": "passed",
            "keywords": [
                "test_homepage_load_time",
                "test_performance.py",
                "tests",
                "SeleniumProject",
                ""
            ],
            "setup": {
                "duration": 1.830849699999817,
                "outcome": "passed",
                "stdout": ">>> Running on Chrome\n"
            },
            "call": {
                "duration": 6.173433800002385,
                "outcome": "passed",
                "stdout": "STEP: Mesure du temps de chargement de la page d'accueil\nHomepage load time: 4.17s\n"
            },
            "teardown": {
                "duration": 2.4112930999981472,
                "outcome": "passed"
            }
        },
        {
            "nodeid": "tests/test_performance.py::test_stress_load_multiple_pages",
            "lineno": 17,
            "outcome": "passed",
            "keywords": [
                "test_stress_load_multiple_pages",
                "test_performance.py",
                "tests",
                "SeleniumProject",
                ""
            ],
            "setup": {
                "duration": 1.7858598999991955,
                "outcome": "passed",
                "stdout": ">>> Running on Chrome\n"
            },
            "call": {
                "duration": 22.730001300002186,
                "outcome": "passed",
                "stdout": "STEP: Navigation sur plusieurs pages du site\n"
            },
            "teardown": {
                "duration": 2.5359779999998864,
                "outcome": "passed"
            }
        },
        {
            "nodeid": "tests/test_responsive.py::test_desktop_view",
            "lineno": 8,
            "outcome": "passed",
            "keywords": [
                "test_desktop_view",
                "test_responsive.py",
                "tests",
                "SeleniumProject",
                ""
            ],
            "setup": {
                "duration": 2.6319196999975247,
                "outcome": "passed",
                "stdout": ">>> Running on Chrome\n"
            },
            "call": {
                "duration": 9.343879000000015,
                "outcome": "passed",
                "stdout": "STEP: Redimensionnement de la fen\u00eatre pour desktop (1920x1080)\nSTEP: Ouverture de la page d'accueil\nSTEP: V\u00e9rification de l'affichage du menu\n"
            },
            "teardown": {
                "duration": 2.505581000001257,
                "outcome": "passed"
            }
        },
        {
            "nodeid": "tests/test_responsive.py::test_tablet_view",
            "lineno": 22,
            "outcome": "passed",
            "keywords": [
                "test_tablet_view",
                "test_responsive.py",
                "tests",
                "SeleniumProject",
                ""
            ],
            "setup": {
                "duration": 2.18263239999942,
                "outcome": "passed",
                "stdout": ">>> Running on Chrome\n"
            },
            "call": {
                "duration": 7.8915304000001925,
                "outcome": "passed",
                "stdout": "STEP: Redimensionnement de la fen\u00eatre pour tablette (1366x768)\nSTEP: Ouverture de la page d'accueil\nSTEP: V\u00e9rification de l'affichage du menu\n"
            },
            "teardown": {
                "duration": 2.472793900000397,
                "outcome": "passed"
            }
        },
        {
            "nodeid": "tests/test_responsive.py::test_mobile_view",
            "lineno": 36,
            "outcome": "passed",
            "keywords": [
                "test_mobile_view",
                "test_responsive.py",
                "tests",
                "SeleniumProject",
                ""
            ],
            "setup": {
                "duration": 2.1625574999998207,
                "outcome": "passed",
                "stdout": ">>> Running on Chrome\n"
            },
            "call": {
                "duration": 8.122793699996691,
                "outcome": "passed",
                "stdout": "STEP: Redimensionnement de la fen\u00eatre pour mobile (375x667)\nSTEP: Ouverture de la page d'accueil\nSTEP: V\u00e9rification de l'affichage du menu\n"
            },
            "teardown": {
                "duration": 2.6880722000023525,
                "outcome": "passed"
            }
        }
    ]
}